{
  "stats": {
    "suites": 5,
    "tests": 6,
    "passes": 6,
    "pending": 0,
    "failures": 0,
    "start": "2022-12-29T10:40:08.070Z",
    "end": "2022-12-29T10:40:13.307Z",
    "duration": 5237,
    "testsRegistered": 6,
    "passPercent": 100,
    "pendingPercent": 0,
    "other": 0,
    "hasOther": false,
    "skipped": 0,
    "hasSkipped": false
  },
  "results": [
    {
      "uuid": "5daf1f83-7c14-4a6b-bae4-00e583e1c2d5",
      "title": "",
      "fullFile": "/home/shubhamupadhyay/Desktop/workplace/super-api-tests/test/users.js",
      "file": "/test/users.js",
      "beforeHooks": [],
      "afterHooks": [],
      "tests": [],
      "suites": [
        {
          "uuid": "ee583f18-3350-46ee-bdd6-6658bc9b0033",
          "title": "Users",
          "fullFile": "/home/shubhamupadhyay/Desktop/workplace/super-api-tests/test/users.js",
          "file": "/test/users.js",
          "beforeHooks": [],
          "afterHooks": [],
          "tests": [],
          "suites": [
            {
              "uuid": "d1875a15-1a6a-49a4-943d-e4d0140a54a9",
              "title": "POST",
              "fullFile": "/home/shubhamupadhyay/Desktop/workplace/super-api-tests/test/users.js",
              "file": "/test/users.js",
              "beforeHooks": [],
              "afterHooks": [],
              "tests": [
                {
                  "title": "POST /users",
                  "fullTitle": "Users POST POST /users",
                  "timedOut": false,
                  "duration": 963,
                  "state": "passed",
                  "speed": "slow",
                  "pass": true,
                  "fail": false,
                  "pending": false,
                  "context": null,
                  "code": "var data = {\n  email: \"test-\".concat(Math.floor(Math.random() * 99999999999999), \"@mail.com\"),\n  name: 'Test Test',\n  gender: 'male',\n  status: 'inactive'\n};\nreturn request.post('users').set({\n  Authorization: \"Bearer \".concat(TOKEN)\n}).send(data).then(function (res) {\n  (0, _chai.expect)(res.body).to.deep.include(data);\n  userId = res.body.id;\n});",
                  "err": {},
                  "uuid": "cd8d1dc0-4508-4b29-a43a-5e6ee38e3077",
                  "parentUUID": "d1875a15-1a6a-49a4-943d-e4d0140a54a9",
                  "isHook": false,
                  "skipped": false
                }
              ],
              "suites": [],
              "passes": [
                "cd8d1dc0-4508-4b29-a43a-5e6ee38e3077"
              ],
              "failures": [],
              "pending": [],
              "skipped": [],
              "duration": 963,
              "root": false,
              "rootEmpty": false,
              "_timeout": 5000
            },
            {
              "uuid": "b0265940-7f1e-4f63-a344-5d9a2303d600",
              "title": "GET",
              "fullFile": "/home/shubhamupadhyay/Desktop/workplace/super-api-tests/test/users.js",
              "file": "/test/users.js",
              "beforeHooks": [],
              "afterHooks": [],
              "tests": [
                {
                  "title": "/users",
                  "fullTitle": "Users GET /users",
                  "timedOut": false,
                  "duration": 825,
                  "state": "passed",
                  "speed": "slow",
                  "pass": true,
                  "fail": false,
                  "pending": false,
                  "context": null,
                  "code": "return request.get(\"users\").set({\n  Authorization: \"Bearer \".concat(TOKEN)\n}).then(function (res) {\n  (0, _chai.expect)(res.body).to.not.be.empty;\n});",
                  "err": {},
                  "uuid": "2eba6f9c-a2bd-4246-95f2-60ba4de5fa47",
                  "parentUUID": "b0265940-7f1e-4f63-a344-5d9a2303d600",
                  "isHook": false,
                  "skipped": false
                },
                {
                  "title": "/users/:id",
                  "fullTitle": "Users GET /users/:id",
                  "timedOut": false,
                  "duration": 975,
                  "state": "passed",
                  "speed": "slow",
                  "pass": true,
                  "fail": false,
                  "pending": false,
                  "context": null,
                  "code": "return request.get(\"users/\".concat(userId)).set({\n  Authorization: \"Bearer \".concat(TOKEN)\n}).then(function (res) {\n  (0, _chai.expect)(res.body.id).to.be.eq(userId);\n});",
                  "err": {},
                  "uuid": "950451ff-30c3-4e21-8e5d-3767a93be9e7",
                  "parentUUID": "b0265940-7f1e-4f63-a344-5d9a2303d600",
                  "isHook": false,
                  "skipped": false
                },
                {
                  "title": "/users with query params",
                  "fullTitle": "Users GET /users with query params",
                  "timedOut": false,
                  "duration": 707,
                  "state": "passed",
                  "speed": "slow",
                  "pass": true,
                  "fail": false,
                  "pending": false,
                  "context": null,
                  "code": "var url = \"users?page=5&gender=female&status=inactive\";\nreturn request.get(url).set({\n  Authorization: \"Bearer \".concat(TOKEN)\n}).then(function (res) {\n  (0, _chai.expect)(res.body).to.not.be.empty;\n  res.body.forEach(function (data) {\n    (0, _chai.expect)(data.gender).to.eq('female');\n    (0, _chai.expect)(data.status).to.eq('inactive');\n  });\n});",
                  "err": {},
                  "uuid": "4dca6702-6306-4b76-ba30-a3400c759103",
                  "parentUUID": "b0265940-7f1e-4f63-a344-5d9a2303d600",
                  "isHook": false,
                  "skipped": false
                }
              ],
              "suites": [],
              "passes": [
                "2eba6f9c-a2bd-4246-95f2-60ba4de5fa47",
                "950451ff-30c3-4e21-8e5d-3767a93be9e7",
                "4dca6702-6306-4b76-ba30-a3400c759103"
              ],
              "failures": [],
              "pending": [],
              "skipped": [],
              "duration": 2507,
              "root": false,
              "rootEmpty": false,
              "_timeout": 5000
            },
            {
              "uuid": "16cff09a-5cb1-46e8-a675-3d89ad3fd935",
              "title": "PUT",
              "fullFile": "/home/shubhamupadhyay/Desktop/workplace/super-api-tests/test/users.js",
              "file": "/test/users.js",
              "beforeHooks": [],
              "afterHooks": [],
              "tests": [
                {
                  "title": "PUT /users",
                  "fullTitle": "Users PUT PUT /users",
                  "timedOut": false,
                  "duration": 735,
                  "state": "passed",
                  "speed": "slow",
                  "pass": true,
                  "fail": false,
                  "pending": false,
                  "context": null,
                  "code": "var data = {\n  status: 'active'\n};\nreturn request.put(\"users/\".concat(userId)).set({\n  Authorization: \"Bearer \".concat(TOKEN)\n}).send(data).then(function (res) {\n  (0, _chai.expect)(res.body).to.deep.include(data);\n});",
                  "err": {},
                  "uuid": "37dee72b-0f41-48d4-a59a-8ae0f461a640",
                  "parentUUID": "16cff09a-5cb1-46e8-a675-3d89ad3fd935",
                  "isHook": false,
                  "skipped": false
                }
              ],
              "suites": [],
              "passes": [
                "37dee72b-0f41-48d4-a59a-8ae0f461a640"
              ],
              "failures": [],
              "pending": [],
              "skipped": [],
              "duration": 735,
              "root": false,
              "rootEmpty": false,
              "_timeout": 5000
            },
            {
              "uuid": "50bc9413-244a-416f-aa8d-585e5b00a960",
              "title": "DELETE",
              "fullFile": "/home/shubhamupadhyay/Desktop/workplace/super-api-tests/test/users.js",
              "file": "/test/users.js",
              "beforeHooks": [],
              "afterHooks": [],
              "tests": [
                {
                  "title": "/users",
                  "fullTitle": "Users DELETE /users",
                  "timedOut": false,
                  "duration": 1024,
                  "state": "passed",
                  "speed": "slow",
                  "pass": true,
                  "fail": false,
                  "pending": false,
                  "context": null,
                  "code": "var data = {\n  status: 'active'\n};\nreturn request[\"delete\"](\"users/\".concat(userId)).set({\n  Authorization: \"Bearer \".concat(TOKEN)\n}).then(function (res) {\n  (0, _chai.expect)(res.body).to.be.empty;\n});",
                  "err": {},
                  "uuid": "a30bd2a4-2f67-4b91-9d5d-8fe060e8dec8",
                  "parentUUID": "50bc9413-244a-416f-aa8d-585e5b00a960",
                  "isHook": false,
                  "skipped": false
                }
              ],
              "suites": [],
              "passes": [
                "a30bd2a4-2f67-4b91-9d5d-8fe060e8dec8"
              ],
              "failures": [],
              "pending": [],
              "skipped": [],
              "duration": 1024,
              "root": false,
              "rootEmpty": false,
              "_timeout": 5000
            }
          ],
          "passes": [],
          "failures": [],
          "pending": [],
          "skipped": [],
          "duration": 0,
          "root": false,
          "rootEmpty": false,
          "_timeout": 5000
        }
      ],
      "passes": [],
      "failures": [],
      "pending": [],
      "skipped": [],
      "duration": 0,
      "root": true,
      "rootEmpty": true,
      "_timeout": 5000
    }
  ],
  "meta": {
    "mocha": {
      "version": "10.2.0"
    },
    "mochawesome": {
      "options": {
        "quiet": false,
        "reportFilename": "mochawesome",
        "saveHtml": true,
        "saveJson": true,
        "consoleReporter": "spec",
        "useInlineDiffs": false,
        "code": true
      },
      "version": "7.1.3"
    },
    "marge": {
      "options": null,
      "version": "6.2.0"
    }
  }
}